TN:
SF:02-ratelimitter.js
FNF:0
FNH:0
DA:1,1
DA:2,1
DA:3,1
DA:4,1
DA:5,1
DA:6,1
DA:7,1
DA:8,1
DA:9,1
DA:10,1
DA:11,1
DA:12,1
DA:13,1
DA:14,1
DA:15,1
DA:16,2
DA:17,1
DA:18,1
DA:19,1
DA:20,13
DA:21,13
DA:22,2
DA:23,2
DA:24,2
DA:25,11
DA:26,11
DA:27,6
DA:28,6
DA:29,5
DA:30,5
DA:31,5
DA:32,5
DA:33,11
DA:34,1
DA:35,1
DA:36,1
DA:37,7
DA:38,1
DA:39,1
DA:40,1
DA:41,0
DA:42,1
DA:43,1
DA:44,1
DA:45,1
DA:46,1
DA:47,1
DA:48,1
DA:49,1
LF:49
LH:48
BRDA:15,0,0,2
BRDA:19,1,0,13
BRDA:21,2,0,2
BRDA:25,3,0,11
BRDA:26,4,0,6
BRDA:29,5,0,5
BRDA:36,6,0,7
BRF:7
BRH:7
end_of_record
